<?xml version="1.0" encoding="UTF-8"?>
<!-- Generated by org.testng.reporters.JUnitXMLReporter -->
<testsuite ignored="0" hostname="Home" failures="3" tests="12" name="TutorialsNinja Tests" time="85.016" errors="0" timestamp="2023-10-28T13:32:43 IST">
  <testcase classname="com.tutorials.qa.testcases.SearchTest" name="verifySearchWithValidProduct" time="0.625"/>
  <testcase classname="com.tutorials.qa.testcases.SearchTest" name="verifySearchWithinvalidProduct" time="0.521"/>
  <testcase classname="com.tutorials.qa.testcases.SearchTest" name="verifySearchWithoutAnyProduct" time="0.387"/>
  <testcase classname="com.tutorials.qa.testcases.RegisterTest" name="verifyRegisteringAnAccountWithMandatoryFields" time="1.074"/>
  <testcase classname="com.tutorials.qa.testcases.RegisterTest" name="verifyRegisteringAnAccountByProvidingAllFields" time="1.234"/>
  <testcase classname="com.tutorials.qa.testcases.RegisterTest" name="verifyRegisteringAccountWithExistingEmailAddress" time="0.007">
    <failure type="java.lang.IllegalArgumentException" message="Keys to send should be a not null CharSequence">
      <![CDATA[java.lang.IllegalArgumentException: Keys to send should be a not null CharSequence
at org.openqa.selenium.remote.RemoteWebElement.sendKeys(RemoteWebElement.java:97)
at org.openqa.selenium.support.pagefactory.internal.LocatingElementHandler.invoke(LocatingElementHandler.java:51)
at jdk.proxy2/jdk.proxy2.$Proxy15.sendKeys(Unknown Source)
at com.tutorialsninja.qa.pages.RegisterPage.registerWithAllFields(RegisterPage.java:177)
at com.tutorials.qa.testcases.RegisterTest.verifyRegisteringAccountWithExistingEmailAddress(RegisterTest.java:62)
at java.base/java.util.ArrayList.forEach(ArrayList.java:1511)
... Removed 31 stack frames]]>
    </failure>
  </testcase> <!-- verifyRegisteringAccountWithExistingEmailAddress -->
  <testcase classname="com.tutorials.qa.testcases.RegisterTest" name="verifyRegisteringAccountWithoutFillingAnyDetails" time="0.408">
    <failure type="java.lang.AssertionError" message="expected [true] but found [false]">
      <![CDATA[java.lang.AssertionError: expected [true] but found [false]
at com.tutorials.qa.testcases.RegisterTest.verifyRegisteringAccountWithoutFillingAnyDetails(RegisterTest.java:72)
at java.base/java.util.ArrayList.forEach(ArrayList.java:1511)
... Removed 31 stack frames]]>
    </failure>
  </testcase> <!-- verifyRegisteringAccountWithoutFillingAnyDetails -->
  <testcase classname="com.tutorials.qa.testcases.LoginTest" name="verifyLoginWithValidCredentials" time="0.0">
    <failure type="java.lang.RuntimeException" message="java.lang.NullPointerException">
      <![CDATA[java.lang.RuntimeException: java.lang.NullPointerException
at java.base/java.util.ArrayList.forEach(ArrayList.java:1511)
Caused by: java.lang.NullPointerException
at java.base/java.io.File.<init>(File.java:278)
at com.tutorialninja.qa.utils.Utilties.getTestDataFromExcel(Utilties.java:33)
at com.tutorials.qa.testcases.LoginTest.supplyTestData(LoginTest.java:49)
... 25 more
... Removed 32 stack frames]]>
    </failure>
  </testcase> <!-- verifyLoginWithValidCredentials -->
  <testcase classname="com.tutorials.qa.testcases.LoginTest" name="verifyloginwithinvalidcred" time="0.483"/>
  <testcase classname="com.tutorials.qa.testcases.LoginTest" name="verifyloginwithinvalidEmailandValidPassword" time="0.518"/>
  <testcase classname="com.tutorials.qa.testcases.LoginTest" name="verifyloginwithValidEmailandInValidPassword" time="0.511"/>
  <testcase classname="com.tutorials.qa.testcases.LoginTest" name="verifyloginwithoutprovidingcredentials" time="0.376"/>
</testsuite> <!-- TutorialsNinja Tests -->
