<?xml version="1.0" encoding="UTF-8"?>
<!-- Generated by org.testng.reporters.JUnitXMLReporter -->
<testsuite ignored="0" hostname="Home" failures="3" tests="9" name="Surefire test" time="99.458" errors="0" timestamp="2023-10-25T15:06:04 IST">
  <testcase classname="com.tutorials.qa.testcases.LoginTest" name="verifyLoginWithValidCredentials" time="0.0">
    <failure type="java.lang.RuntimeException" message="java.lang.NullPointerException">
      <![CDATA[java.lang.RuntimeException: java.lang.NullPointerException
at java.base/java.util.ArrayList.forEach(ArrayList.java:1511)
Caused by: java.lang.NullPointerException
at java.base/java.io.File.<init>(File.java:278)
at com.tutorialninja.qa.utils.Utilties.getTestDataFromExcel(Utilties.java:34)
at com.tutorials.qa.testcases.LoginTest.supplyTestData(LoginTest.java:49)
... 30 more
... Removed 37 stack frames]]>
    </failure>
  </testcase> <!-- verifyLoginWithValidCredentials -->
  <testcase classname="com.tutorials.qa.testcases.LoginTest" name="verifyloginwithinvalidcred" time="2.046"/>
  <testcase classname="com.tutorials.qa.testcases.LoginTest" name="verifyloginwithinvalidEmailandValidPassword" time="0.571"/>
  <testcase classname="com.tutorials.qa.testcases.LoginTest" name="verifyloginwithValidEmailandInValidPassword" time="0.934"/>
  <testcase classname="com.tutorials.qa.testcases.LoginTest" name="verifyloginwithoutprovidingcredentials" time="0.473"/>
  <testcase classname="com.tutorials.qa.testcases.RegisterTest" name="verifyRegisteringAnAccountWithMandatoryFields" time="1.341"/>
  <testcase classname="com.tutorials.qa.testcases.RegisterTest" name="verifyRegisteringAnAccountByProvidingAllFields" time="1.432"/>
  <testcase classname="com.tutorials.qa.testcases.RegisterTest" name="verifyRegisteringAccountWithExistingEmailAddress" time="0.009">
    <failure type="java.lang.IllegalArgumentException" message="Keys to send should be a not null CharSequence">
      <![CDATA[java.lang.IllegalArgumentException: Keys to send should be a not null CharSequence
at org.openqa.selenium.remote.RemoteWebElement.sendKeys(RemoteWebElement.java:97)
at org.openqa.selenium.support.pagefactory.internal.LocatingElementHandler.invoke(LocatingElementHandler.java:51)
at jdk.proxy2/jdk.proxy2.$Proxy10.sendKeys(Unknown Source)
at com.tutorialsninja.qa.pages.RegisterPage.registerWithAllFields(RegisterPage.java:177)
at com.tutorials.qa.testcases.RegisterTest.verifyRegisteringAccountWithExistingEmailAddress(RegisterTest.java:60)
at java.base/java.util.ArrayList.forEach(ArrayList.java:1511)
... Removed 35 stack frames]]>
    </failure>
  </testcase> <!-- verifyRegisteringAccountWithExistingEmailAddress -->
  <testcase classname="com.tutorials.qa.testcases.RegisterTest" name="verifyRegisteringAccountWithoutFillingAnyDetails" time="0.882">
    <failure type="java.lang.AssertionError" message="expected [true] but found [false]">
      <![CDATA[java.lang.AssertionError: expected [true] but found [false]
at com.tutorials.qa.testcases.RegisterTest.verifyRegisteringAccountWithoutFillingAnyDetails(RegisterTest.java:70)
at java.base/java.util.ArrayList.forEach(ArrayList.java:1511)
... Removed 36 stack frames]]>
    </failure>
  </testcase> <!-- verifyRegisteringAccountWithoutFillingAnyDetails -->
</testsuite> <!-- Surefire test -->
